Arguments: 
  C:\Program Files\nodejs\node.exe C:\Users\Spengler Manfréd\.node\corepack\yarn\1.22.15\bin\yarn.js

PATH: 
  C:\Program Files (x86)\Common Files\Oracle\Java\javapath;C:\WINDOWS\system32;C:\WINDOWS;C:\WINDOWS\System32\Wbem;C:\WINDOWS\System32\WindowsPowerShell\v1.0\;C:\WINDOWS\System32\OpenSSH\;C:\Program Files\Git\cmd;C:\Program Files\nodejs\;C:\Users\Spengler Manfréd\AppData\Local\Microsoft\WindowsApps;;C:\Users\Spengler Manfréd\AppData\Local\Programs\Microsoft VS Code\bin;C:\Users\Spengler Manfréd\AppData\Roaming\npm

Yarn version: 
  1.22.15

Node version: 
  17.9.0

Platform: 
  win32 x64

Trace: 
  Error: EPERM: operation not permitted, copyfile 'C:\Users\Spengler Manfréd\AppData\Local\Yarn\Cache\v6\npm-@mui-x-date-pickers-5.0.0-beta.0-1f2a4400c617453a2d0831a789f2b648c9e2f29b-integrity\node_modules\@mui\x-date-pickers\package.json' -> 'C:\dev\epistogram\epistogram_frontend\node_modules\@mui\x-date-pickers\package.json'

npm manifest: 
  {
    "name": "epistogram",
    "version": "0.3.0",
    "private": true,
    "license": "UNLICENSED",
    "dependencies": {
      "@chakra-ui/react": "1.6.7",
      "@chakra-ui/system": "1.11.2",
      "@date-io/luxon": "^2.14.0",
      "@emotion/react": "11.9.0",
      "@emotion/styled": "11.8.1",
      "@lottiefiles/react-lottie-player": "3.4.1",
      "@mui/icons-material": "5.0.0",
      "@mui/material": "5.6.1",
      "@mui/system": "5.6.1",
      "@mui/x-data-grid": "5.8.0",
      "@mui/x-data-grid-pro": "5.8.0",
      "@mui/x-date-pickers": "^5.0.0-alpha.6",
      "axios": "0.26.1",
      "echarts": "5.2.2",
      "echarts-for-react": "3.0.2",
      "figlet": "1.5.2",
      "framer-motion": "6.2.9",
      "luxon": "^2.4.0",
      "node-sass": "7.0.1",
      "prop-types": "15.8.1",
      "quantize": "^1.0.2",
      "react": "17.0.2",
      "react-beautiful-dnd": "13.1.0",
      "react-datepicker": "4.7.0",
      "react-dom": "17.0.2",
      "react-error-overlay": "6.0.10",
      "react-flow-renderer": "9.7.4",
      "react-hotjar": "5.0.0",
      "react-modal-video": "1.2.6",
      "react-onesignal": "2.0.1",
      "react-player": "2.8.2",
      "react-query": "3.34.19",
      "react-router": "6.3.0",
      "react-router-dom": "6.3.0",
      "react-scripts": "5.0.0",
      "react-toastify": "8.0.2",
      "react-use-event-listener": "1.1.1",
      "sass": "1.38.1",
      "sass-loader": "12.1.0",
      "screenfull": "6.0.1",
      "universal-cookie": "4.0.4",
      "word-wrap": "1.2.3"
    },
    "resolutions": {
      "react-error-overlay": "6.0.10"
    },
    "scripts": {
      "start": "react-scripts start",
      "build": "react-scripts build",
      "test": "react-scripts test",
      "eject": "react-scripts eject",
      "lint": "eslint . --ext .ts --ext .tsx",
      "lintfix": "eslint . --ext .ts --ext .tsx --fix",
      "serveBuild": "npx serve -s build"
    },
    "eslintConfig": {
      "extends": "react-app"
    },
    "browserslist": {
      "production": [
        ">0.2%",
        "not dead",
        "not op_mini all"
      ],
      "development": [
        "last 1 chrome version",
        "last 1 firefox version",
        "last 1 safari version"
      ]
    },
    "devDependencies": {
      "@babel/core": "7.17.8",
      "@babel/plugin-syntax-flow": "7.16.7",
      "@types/echarts": "4.9.13",
      "@types/figlet": "1.5.4",
      "@types/luxon": "^2.3.2",
      "@types/node": "17.0.23",
      "@types/react": "17.0.2",
      "@types/react-beautiful-dnd": "13.1.2",
      "@types/react-datepicker": "4.3.4",
      "@types/react-dom": "17.0.2",
      "@types/react-router-dom": "5.1.7",
      "@typescript-eslint/eslint-plugin": "5.25.0",
      "@typescript-eslint/parser": "5.25.0",
      "eslint": "8.15.0",
      "eslint-config-react-app": "7.0.1",
      "eslint-plugin-react": "7.30.0",
      "eslint-plugin-react-hooks": "4.5.0",
      "typescript": "4.6.3"
    }
  }

yarn manifest: 
  No manifest

Lockfile: 
  No lockfile
