Arguments: 
  C:\Program Files\nodejs\node.exe C:\Users\spenc\AppData\Roaming\npm\node_modules\yarn\bin\yarn.js add @chakra-ui

PATH: 
  C:\Users\spenc\Documents\projects\epistogram\node_modules\.bin;C:\WINDOWS\system32;C:\WINDOWS;C:\WINDOWS\System32\Wbem;C:\WINDOWS\System32\WindowsPowerShell\v1.0\;C:\WINDOWS\System32\OpenSSH\;C:\Program Files\Git\cmd;C:\Program Files\MongoDB\Tools\100\bin;C:\Users\spenc\AppData\Local\Android\Sdk;C:\Users\spenc\AppData\Local\Android\Sdk\platform-tools;C:\Program Files\gradle-7.0.2\bin;C:\ProgramData\chocolatey\bin;C:\Program Files\nodejs\;C:\Program Files\CMake\bin;C:\Program Files\PuTTY\;C:\Users\spenc\AppData\Local\Microsoft\WindowsApps;C:\Users\spenc\AppData\Local\GitHubDesktop\bin;C:\Users\spenc\AppData\Local\inkdrop\bin;C:\Users\spenc\AppData\Local\Android\Sdk\platform-tools;C:\Users\spenc\AppData\Roaming\npm;C:\Program Files\JetBrains\PyCharm Community Edition 2021.1.3\bin;;C:\Users\spenc\AppData\Local\Microsoft\WindowsApps;

Yarn version: 
  1.22.10

Node version: 
  16.3.0

Platform: 
  win32 x64

Trace: 
  Error: https://registry.yarnpkg.com/@chakra-ui: Request "https://registry.yarnpkg.com/@chakra-ui" returned a 405
      at Request.params.callback [as _callback] (C:\Users\spenc\AppData\Roaming\npm\node_modules\yarn\lib\cli.js:66997:18)
      at Request.self.callback (C:\Users\spenc\AppData\Roaming\npm\node_modules\yarn\lib\cli.js:140662:22)
      at Request.emit (node:events:394:28)
      at Request.<anonymous> (C:\Users\spenc\AppData\Roaming\npm\node_modules\yarn\lib\cli.js:141634:10)
      at Request.emit (node:events:394:28)
      at IncomingMessage.<anonymous> (C:\Users\spenc\AppData\Roaming\npm\node_modules\yarn\lib\cli.js:141556:12)
      at Object.onceWrapper (node:events:513:28)
      at IncomingMessage.emit (node:events:406:35)
      at endReadableNT (node:internal/streams/readable:1329:12)
      at processTicksAndRejections (node:internal/process/task_queues:83:21)

npm manifest: 
  {
    "dependencies": {
      "@chakra-ui/react": "^1.6.6",
      "@emotion/react": "^11.4.1",
      "@emotion/style": "^0.8.0",
      "react-query": "^3.19.4"
    }
  }

yarn manifest: 
  No manifest

Lockfile: 
  # THIS IS AN AUTOGENERATED FILE. DO NOT EDIT THIS FILE DIRECTLY.
  # yarn lockfile v1
  
  
  "@babel/runtime@^7.0.0", "@babel/runtime@^7.12.13", "@babel/runtime@^7.12.5", "@babel/runtime@^7.13.10", "@babel/runtime@^7.5.5", "@babel/runtime@^7.6.2", "@babel/runtime@^7.7.2":
    version "7.15.3"
    resolved "https://registry.yarnpkg.com/@babel/runtime/-/runtime-7.15.3.tgz#2e1c2880ca118e5b2f9988322bd8a7656a32502b"
    integrity sha512-OvwMLqNXkCXSz1kSm58sEsNuhqOx/fKpnUnKnFB5v8uDda5bLNEHNgKPvhDN6IU0LDcnHQ90LlJ0Q6jnyBSIBA==
    dependencies:
      regenerator-runtime "^0.13.4"
  
  "@chakra-ui/accordion@1.3.5":
    version "1.3.5"
    resolved "https://registry.yarnpkg.com/@chakra-ui/accordion/-/accordion-1.3.5.tgz#b150e47ed57d2a3aaf78c86af6dd62bc10dbe4c3"
    integrity sha512-47bMQXqLhPDgUgC/L8+k+GQpAvhWIPrl3u/FTcbojZRwPcxOH1dEmWNZGftvFTKPS6bSv5vx1XpiDRfzZ0hohQ==
    dependencies:
      "@chakra-ui/descendant" "2.0.1"
      "@chakra-ui/hooks" "1.5.5"
      "@chakra-ui/icon" "1.1.11"
      "@chakra-ui/react-utils" "1.1.2"
      "@chakra-ui/transition" "1.3.4"
      "@chakra-ui/utils" "1.8.2"
  
  "@chakra-ui/alert@1.2.7":
    version "1.2.7"
    resolved "https://registry.yarnpkg.com/@chakra-ui/alert/-/alert-1.2.7.tgz#bba7489f6a2cf672218a4cffc62cb67e1abf64de"
    integrity sha512-+3rjMDjCsR7fWUA9Ikg21s9mVOxU564fA1fX3PdkFlUQFjwroG4hPQCjtUVCOBWontVphKghsQOprpuuQhx2hQ==
    dependencies:
      "@chakra-ui/icon" "1.1.11"
      "@chakra-ui/react-utils" "1.1.2"
      "@chakra-ui/utils" "1.8.2"
  
  "@chakra-ui/avatar@1.2.8":
    version "1.2.8"
    resolved "https://registry.yarnpkg.com/@chakra-ui/avatar/-/avatar-1.2.8.tgz#6d3467860cd5f2b2f29de2f89948ff87ebf0367e"
    integrity sha512-/uZUyUhIRQZH2nz+nMDgFxwoaQX99TS/8yYLgeA5Trf63zkbabV3GWZXsIQVjvNUau8kFhPlbdJ6qqYfHyNpeQ==
    dependencies:
      "@chakra-ui/image" "1.0.18"
      "@chakra-ui/react-utils" "1.1.2"
      "@chakra-ui/utils" "1.8.2"
  
  "@chakra-ui/breadcrumb@1.2.8":
    version "1.2.8"
    resolved "https://registry.yarnpkg.com/@chakra-ui/breadcrumb/-/breadcrumb-1.2.8.tgz#95b7a61327da79e9984236b766481720e2699f21"
    integrity sha512-hMr7GtQ9XaMDjjlJC/pOJCp1vG7Cq4E3o70uyHXuUZkwsTnEzr0hgqOmRGII+pLMVSzxO6ii1OEjvq+rZvKdVw==
    dependencies:
      "@chakra-ui/react-utils" "1.1.2"
      "@chakra-ui/utils" "1.8.2"
  
  "@chakra-ui/button@1.4.2":
    version "1.4.2"
    resolved "https://registry.yarnpkg.com/@chakra-ui/button/-/button-1.4.2.tgz#d4a2dc173aca0c4093c2a9089d4c647dec55e53a"
    integrity sha512-Gw3W6ixkrTWaHVJRDOyvx1ZAdV/g2SjiGeHFBnfuBcZdZWqJLNy9vrS1rroBeYA953ISklyhEdtyLD9izwkzxA==
    dependencies:
      "@chakra-ui/react-utils" "1.1.2"
      "@chakra-ui/spinner" "1.1.12"
      "@chakra-ui/utils" "1.8.2"
  
  "@chakra-ui/checkbox@1.5.5":
    version "1.5.5"
    resolved "https://registry.yarnpkg.com/@chakra-ui/checkbox/-/checkbox-1.5.5.tgz#00b30827a7b6ec2cd8f002f574e468b935db294a"
    integrity sha512-KJf+1x1BCNI9LeHSvlEKkAjGaCCI1b6ImOzJcemtucfshzb0HEGGFNGxKEGYuWbVvz9N+AcUGM5WFfhSV71f3w==
    dependencies:
      "@chakra-ui/hooks" "1.5.5"
      "@chakra-ui/react-utils" "1.1.2"
      "@chakra-ui/utils" "1.8.2"
      "@chakra-ui/visually-hidden" "1.0.14"
  
  "@chakra-ui/clickable@1.1.7":
    version "1.1.7"
    resolved "https://registry.yarnpkg.com/@chakra-ui/clickable/-/clickable-1.1.7.tgz#ff7d87e5f2a208a596ebbd9cd23bbf6d116bb363"
    integrity sha512-aRopd+wRhykwlkRPuBn6XiLxo7jYq2BtToD7dh8wLvhDOAgtFXgYcNfAl4RkNWIUU9ZFioS6HusRE+5LmQ8EPQ==
    dependencies:
      "@chakra-ui/react-utils" "1.1.2"
      "@chakra-ui/utils" "1.8.2"
  
  "@chakra-ui/close-button@1.1.11":
    version "1.1.11"
    resolved "https://registry.yarnpkg.com/@chakra-ui/close-button/-/close-button-1.1.11.tgz#f8b5ed5969c98f23537a4d40420eb21306cf293f"
    integrity sha512-3BFVGPKeOdD/q/YgtSDdQ7RJh1fQhX7VRvkj11KPfPlvXIEQDxLwvQQV5MeNdrnTEYXkqzc8jqMexZOWlfSXRg==
    dependencies:
      "@chakra-ui/icon" "1.1.11"
      "@chakra-ui/utils" "1.8.2"
  
  "@chakra-ui/color-mode@1.1.11":
    version "1.1.11"
    resolved "https://registry.yarnpkg.com/@chakra-ui/color-mode/-/color-mode-1.1.11.tgz#8773399c187bc3e82319c080a307bba2f3eda633"
    integrity sha512-iJQ0WJlT1kKvDzIVanOHEKnqarbKLHRZwJ5OYRDCVTL2j7ZBPMR7f4vyru5ONZmNSb4NZrSGe4Srws4hi2fygQ==
    dependencies:
      "@chakra-ui/hooks" "1.5.5"
      "@chakra-ui/utils" "1.8.2"
  
  "@chakra-ui/control-box@1.0.15":
    version "1.0.15"
    resolved "https://registry.yarnpkg.com/@chakra-ui/control-box/-/control-box-1.0.15.tgz#cdc1102eb802c46b169a9905b8030349dcd3351d"
    integrity sha512-sqQXKa9MjVo1mN/XRfudoM53yKhoXm6ozbE/soTgvLQJtSZtEltXVg9O8LP/h/i/AlfUKs5Nw8qSjij/7pfb2w==
    dependencies:
      "@chakra-ui/utils" "1.8.2"
  
  "@chakra-ui/counter@1.1.8":
    version "1.1.8"
    resolved "https://registry.yarnpkg.com/@chakra-ui/counter/-/counter-1.1.8.tgz#75184c7f0c7fd704df5ea8da1aed4c1ca11c473e"
    integrity sha512-ROoAl2FbRdiOp995FKG1I7kTUoqVGgUhfaqYoLKlmxh5RDB+pMyij4zd/kihu2ZQuoLXFp4ZwWMAE3qMeu9lzQ==
    dependencies:
      "@chakra-ui/hooks" "1.5.5"
      "@chakra-ui/utils" "1.8.2"
  
  "@chakra-ui/css-reset@1.0.0":
    version "1.0.0"
    resolved "https://registry.yarnpkg.com/@chakra-ui/css-reset/-/css-reset-1.0.0.tgz#8395921b35ef27bee0579a4d730c5ab7f7b39734"
    integrity sha512-UaPsImGHvCgFO3ayp6Ugafu2/3/EG8wlW/8Y9Ihfk1UFv8cpV+3BfWKmuZ7IcmxcBL9dkP6E8p3/M1T0FB92hg==
  
  "@chakra-ui/descendant@2.0.1":
    version "2.0.1"
    resolved "https://registry.yarnpkg.com/@chakra-ui/descendant/-/descendant-2.0.1.tgz#fc3bc9081aa01503035b2c9296bc4b9f87ceaae0"
    integrity sha512-TeYp94iOhu5Gs2oVzewJaep0qft/JKMKfmcf4PGgzJF+h6TWZm6NGohk6Jq7JOh+y0rExa1ulknIgnMzFx5xaA==
    dependencies:
      "@chakra-ui/react-utils" "^1.1.2"
  
  "@chakra-ui/editable@1.2.8":
    version "1.2.8"
    resolved "https://registry.yarnpkg.com/@chakra-ui/editable/-/editable-1.2.8.tgz#ff52b60a3cc7aeb89c6de453387d6c19f8d2734f"
    integrity sha512-SI2bzuAshGc/1U8DE532mufs+8tHeodrmkHUkmzhvjhhDIeLXeCtptvZ745WirlV6xa96tmmPYry/SVTubAEWQ==
    dependencies:
      "@chakra-ui/hooks" "1.5.5"
      "@chakra-ui/react-utils" "1.1.2"
      "@chakra-ui/utils" "1.8.2"
  
  "@chakra-ui/focus-lock@1.1.10":
    version "1.1.10"
    resolved "https://registry.yarnpkg.com/@chakra-ui/focus-lock/-/focus-lock-1.1.10.tgz#45418b46f8986aa597d2aed572d86a8c8327f871"
    integrity sha512-LJqA+RscxqDBocJ1hjFde47g9E/8H2KqlHYcmOrQd5nITMcR88F2Z11cnFNMWJu++PJNHxspaXbUSKqPNj2TPQ==
    dependencies:
      "@chakra-ui/utils" "1.8.2"
      react-focus-lock "2.5.0"
  
  "@chakra-ui/form-control@1.4.0":
    version "1.4.0"
    resolved "https://registry.yarnpkg.com/@chakra-ui/form-control/-/form-control-1.4.0.tgz#d97af757279a35bd72cb7a8ec54829a502ad13b6"
    integrity sha512-Hpkrz8fAs/v1mtjoowglV46F4DjZgsXDr86y7cPGWoYsbVRpNQnEPYtYJZVTZMYT/bBV7o5gBbrPR56/+AELlg==
    dependencies:
      "@chakra-ui/hooks" "1.5.5"
      "@chakra-ui/icon" "1.1.11"
      "@chakra-ui/react-utils" "1.1.2"
      "@chakra-ui/utils" "1.8.2"
  
  "@chakra-ui/hooks@1.5.5":
    version "1.5.5"
    resolved "https://registry.yarnpkg.com/@chakra-ui/hooks/-/hooks-1.5.5.tgz#7b455f1445d4b48111d3a4811ed6e1bd618c2c74"
    integrity sha512-jwD+sRd+gOJvAeCM630n496CS5SAZFUHqOC7wwYN2Kj6BjCW7yHtxsq4atIlKSYJ+Ra96WNmZQ58Pr5Qj3r9Jg==
    dependencies:
      "@chakra-ui/react-utils" "1.1.2"
      "@chakra-ui/utils" "1.8.2"
      compute-scroll-into-view "1.0.14"
      copy-to-clipboard "3.3.1"
  
  "@chakra-ui/icon@1.1.11":
    version "1.1.11"
    resolved "https://registry.yarnpkg.com/@chakra-ui/icon/-/icon-1.1.11.tgz#ab57002ca20b7726aa31da6e370692159280cadb"
    integrity sha512-w+TkBr8eA8023j1SdhBzCFrEeU4lolf96cYVz0t/FVUBdIHYPGt56iHdaE2HYXW8Jyp15WLZcJJZQnZo91GRww==
    dependencies:
      "@chakra-ui/utils" "1.8.2"
  
  "@chakra-ui/image@1.0.18":
    version "1.0.18"
    resolved "https://registry.yarnpkg.com/@chakra-ui/image/-/image-1.0.18.tgz#9b3b8ee5a9fac5f05699b4fc1705b30aea2073f3"
    integrity sha512-hi123wYe+H0V3Yr3ujrbGdD/jPgrHpK/DB39R7IVVRPQz3kMRfffTfTXA57ah9iTwAG8jNyMckVyjeWClH3JPQ==
    dependencies:
      "@chakra-ui/hooks" "1.5.5"
      "@chakra-ui/utils" "1.8.2"
  
  "@chakra-ui/input@1.2.9":
    version "1.2.9"
    resolved "https://registry.yarnpkg.com/@chakra-ui/input/-/input-1.2.9.tgz#3b31d22abead621c816356f6200f0188853e0d6f"
    integrity sha512-+qXmXQgud4MgP/+k2qsIUthY7jpEozJsd/4iZS/EXo3MHoODzXbcc2G7c7Tn5n5suxiX7JtJXZNkuflR6hcNgA==
    dependencies:
      "@chakra-ui/form-control" "1.4.0"
      "@chakra-ui/react-utils" "1.1.2"
      "@chakra-ui/utils" "1.8.2"
  
  "@chakra-ui/layout@1.4.8":
    version "1.4.8"
    resolved "https://registry.yarnpkg.com/@chakra-ui/layout/-/layout-1.4.8.tgz#3963eb8040dcdb5a8f68747e98abf7aa7af741c8"
    integrity sha512-hBOkbmgbXnYAzQ4gXIaIFJx+WQMfAxAsmnmdkqpGUraGgR18PlgQNPKKo1QkT8THyxStmOAAgppuSwofMDOVHw==
    dependencies:
      "@chakra-ui/icon" "1.1.11"
      "@chakra-ui/react-utils" "1.1.2"
      "@chakra-ui/utils" "1.8.2"
  
  "@chakra-ui/live-region@1.0.14":
    version "1.0.14"
    resolved "https://registry.yarnpkg.com/@chakra-ui/live-region/-/live-region-1.0.14.tgz#5264bdfc15d03566f72003046fab285e6c43aab8"
    integrity sha512-683UXH5WpPsn6KFuqo6qyllk3lAInP8cGS43CNnd9FX+5WTlplMBUwg0Gl5HLU9zRCAUeerfGLDY7ZJt2TPBVQ==
    dependencies:
      "@chakra-ui/utils" "1.8.2"
  
  "@chakra-ui/media-query@1.1.2":
    version "1.1.2"
    resolved "https://registry.yarnpkg.com/@chakra-ui/media-query/-/media-query-1.1.2.tgz#fbba8da0cff397061aee61fad491480ae4387375"
    integrity sha512-KdH5C/YwJJx7A4BMePC4J7IlDUEe2F7lLqWk/CvvwD+m2w4+/Ju6scU5YGUsskHQulllNGOmyON6fHQ7bVL47g==
    dependencies:
      "@chakra-ui/react-env" "1.0.6"
      "@chakra-ui/utils" "1.8.2"
  
  "@chakra-ui/menu@1.7.2":
    version "1.7.2"
    resolved "https://registry.yarnpkg.com/@chakra-ui/menu/-/menu-1.7.2.tgz#7886b7969c4ff6ba7acff2e3405b2f81cf8253f4"
    integrity sha512-8aDWLj9ktkUpU23aq6k0PpsOqu6V9Zf6B9jIjn0PMmZvb4Z5qXQEixXP5Mbp1psqZMkSNQBaBFU69EJh0sLb4A==
    dependencies:
      "@chakra-ui/clickable" "1.1.7"
      "@chakra-ui/descendant" "2.0.1"
      "@chakra-ui/hooks" "1.5.5"
      "@chakra-ui/popper" "2.2.1"
      "@chakra-ui/react-utils" "1.1.2"
      "@chakra-ui/transition" "1.3.4"
      "@chakra-ui/utils" "1.8.2"
  
  "@chakra-ui/modal@1.8.10":
    version "1.8.10"
    resolved "https://registry.yarnpkg.com/@chakra-ui/modal/-/modal-1.8.10.tgz#19e9816dacb32c80795fbd0e77b60673df6bec32"
    integrity sha512-NfIXzgxxs7UR4DiKsaDIh1onbHO8lpY0CVLP1mPKcjhCXo/yaLg3abT7IJi/3NBtYJsKAgFIrH0cxQdn/oZFiQ==
    dependencies:
      "@chakra-ui/close-button" "1.1.11"
      "@chakra-ui/focus-lock" "1.1.10"
      "@chakra-ui/hooks" "1.5.5"
      "@chakra-ui/portal" "1.2.8"
      "@chakra-ui/react-utils" "1.1.2"
      "@chakra-ui/transition" "1.3.4"
      "@chakra-ui/utils" "1.8.2"
      aria-hidden "^1.1.1"
      react-remove-scroll "2.4.1"
  
  "@chakra-ui/number-input@1.2.9":
    version "1.2.9"
    resolved "https://registry.yarnpkg.com/@chakra-ui/number-input/-/number-input-1.2.9.tgz#7feb4cee10f8e623c721957e30de26e10f0283c4"
    integrity sha512-/ewDeJ5VMs4AHBdqyWR6XJLsT4+JCzcjqm++ff2s2uXqDPVuvuyexNEIKtszDTYwFEZ4WQ8mu1p8CtWBz0p6tQ==
    dependencies:
      "@chakra-ui/counter" "1.1.8"
      "@chakra-ui/form-control" "1.4.0"
      "@chakra-ui/hooks" "1.5.5"
      "@chakra-ui/icon" "1.1.11"
      "@chakra-ui/react-utils" "1.1.2"
      "@chakra-ui/utils" "1.8.2"
  
  "@chakra-ui/pin-input@1.6.4":
    version "1.6.4"
    resolved "https://registry.yarnpkg.com/@chakra-ui/pin-input/-/pin-input-1.6.4.tgz#5094d0ada3a8ae65da390daa7d6c5a51a3a6f39e"
    integrity sha512-58y/OsDvcn0mML7VNUaG8PUYLtB1M4FHgtkWfaW6UgacqswuiqENSXtLo0vozc2D+ot5LBVqDab28PtCv9f6Fw==
    dependencies:
      "@chakra-ui/descendant" "2.0.1"
      "@chakra-ui/hooks" "1.5.5"
      "@chakra-ui/react-utils" "1.1.2"
      "@chakra-ui/utils" "1.8.2"
  
  "@chakra-ui/popover@1.8.2":
    version "1.8.2"
    resolved "https://registry.yarnpkg.com/@chakra-ui/popover/-/popover-1.8.2.tgz#3b5a9ed81b4630099955dbf26b2284ca140dee66"
    integrity sha512-W1A0CGpKytauQYeE5AMr06wX90xW4QON9UtTS9PvsNkwxNn1ih8ywSftSdrPG3DnubL/5Vxlf0IOZIu4Cq2ZnQ==
    dependencies:
      "@chakra-ui/close-button" "1.1.11"
      "@chakra-ui/hooks" "1.5.5"
      "@chakra-ui/popper" "2.2.1"
      "@chakra-ui/react-utils" "1.1.2"
      "@chakra-ui/utils" "1.8.2"
  
  "@chakra-ui/popper@2.2.1":
    version "2.2.1"
    resolved "https://registry.yarnpkg.com/@chakra-ui/popper/-/popper-2.2.1.tgz#51d49933ee837b396d78d9daaab1d9809afea982"
    integrity sha512-W0hMTBp2X62UooF3qPNmsEW0IJfz72gr2DN8nsCvHQrMiARB9s2jECEss6qEsB97tnmIG8k2TNee8IzTGLmMyA==
    dependencies:
      "@chakra-ui/react-utils" "1.1.2"
      "@popperjs/core" "2.4.4"
  
  "@chakra-ui/portal@1.2.8":
    version "1.2.8"
    resolved "https://registry.yarnpkg.com/@chakra-ui/portal/-/portal-1.2.8.tgz#fd70a371b1cc332347ea9068bb514078d21fefdc"
    integrity sha512-uDs9GYqK4DCcFOhy0Ip7oCQ4br/FNeeIJO5/IuHKU3P8qfwmi2oTdElKZD7oKrdz1EYU5iVdkfIuxnyUEtkOSg==
    dependencies:
      "@chakra-ui/hooks" "1.5.5"
      "@chakra-ui/react-utils" "1.1.2"
      "@chakra-ui/utils" "1.8.2"
  
  "@chakra-ui/progress@1.1.12":
    version "1.1.12"
    resolved "https://registry.yarnpkg.com/@chakra-ui/progress/-/progress-1.1.12.tgz#d7d11ccca70245329a2cd4a337b61332e86d770a"
    integrity sha512-u7cTJue/R2t6HQxXq2CWiDpNM6FnSv7eUFm89rKa55rEQDIwW9SZZ3F/R2wrPK+9KN31gHEswtq3FB5KopeGvw==
    dependencies:
      "@chakra-ui/theme-tools" "1.1.9"
      "@chakra-ui/utils" "1.8.2"
  
  "@chakra-ui/radio@1.3.9":
    version "1.3.9"
    resolved "https://registry.yarnpkg.com/@chakra-ui/radio/-/radio-1.3.9.tgz#dadd90913b1156eb7e431520ddc662c3d3c1e5ba"
    integrity sha512-9hPZMNT1YV1K/VkIn7VVHfWyqjuj+YXy4YQZEHlED3QokQKcqeLgOupr/sGWTCc7vBcSrlyX+l/rAodLDKWrRQ==
    dependencies:
      "@chakra-ui/form-control" "1.4.0"
      "@chakra-ui/hooks" "1.5.5"
      "@chakra-ui/react-utils" "1.1.2"
      "@chakra-ui/utils" "1.8.2"
      "@chakra-ui/visually-hidden" "1.0.14"
  
  "@chakra-ui/react-env@1.0.6":
    version "1.0.6"
    resolved "https://registry.yarnpkg.com/@chakra-ui/react-env/-/react-env-1.0.6.tgz#931fb0dbbfe4b2aed04d08b0bb191820f61a7f3b"
    integrity sha512-JE0MXrVv9exBaQP0oLescs1ZhFolet3ACoV41ow881aXptN02VJKOht04/9SqEAnaxn8ePdofG9BRB6dKDm0ow==
    dependencies:
      "@chakra-ui/utils" "1.8.2"
  
  "@chakra-ui/react-utils@1.1.2", "@chakra-ui/react-utils@^1.1.2":
    version "1.1.2"
    resolved "https://registry.yarnpkg.com/@chakra-ui/react-utils/-/react-utils-1.1.2.tgz#7ea80b6ae25bd7b182095cc9ffaad23c464408b5"
    integrity sha512-S8jPVKGZH2qF7ZGxl/0DF/dXXI2AxDNGf4Ahi2LGHqajMvqBB7vtYIRRmIA7+jAnErhzO8WUi3i4Z7oScp6xSA==
    dependencies:
      "@chakra-ui/utils" "^1.7.0"
  
  "@chakra-ui/react@^1.6.6":
    version "1.6.6"
    resolved "https://registry.yarnpkg.com/@chakra-ui/react/-/react-1.6.6.tgz#e347f946d9cfe1456e766eaee39f79a1a83724e6"
    integrity sha512-ztUAevUUjeBeJ5MyoZmDphLwzns9M0ptt4zuQvROjTaBD8wLrQT93BBepMkigRrJFrt2oovIDUwN7D0un9u9dQ==
    dependencies:
      "@chakra-ui/accordion" "1.3.5"
      "@chakra-ui/alert" "1.2.7"
      "@chakra-ui/avatar" "1.2.8"
      "@chakra-ui/breadcrumb" "1.2.8"
      "@chakra-ui/button" "1.4.2"
      "@chakra-ui/checkbox" "1.5.5"
      "@chakra-ui/close-button" "1.1.11"
      "@chakra-ui/control-box" "1.0.15"
      "@chakra-ui/counter" "1.1.8"
      "@chakra-ui/css-reset" "1.0.0"
      "@chakra-ui/editable" "1.2.8"
      "@chakra-ui/form-control" "1.4.0"
      "@chakra-ui/hooks" "1.5.5"
      "@chakra-ui/icon" "1.1.11"
      "@chakra-ui/image" "1.0.18"
      "@chakra-ui/input" "1.2.9"
      "@chakra-ui/layout" "1.4.8"
      "@chakra-ui/live-region" "1.0.14"
      "@chakra-ui/media-query" "1.1.2"
      "@chakra-ui/menu" "1.7.2"
      "@chakra-ui/modal" "1.8.10"
      "@chakra-ui/number-input" "1.2.9"
      "@chakra-ui/pin-input" "1.6.4"
      "@chakra-ui/popover" "1.8.2"
      "@chakra-ui/popper" "2.2.1"
      "@chakra-ui/portal" "1.2.8"
      "@chakra-ui/progress" "1.1.12"
      "@chakra-ui/radio" "1.3.9"
      "@chakra-ui/react-env" "1.0.6"
      "@chakra-ui/select" "1.1.13"
      "@chakra-ui/skeleton" "1.1.17"
      "@chakra-ui/slider" "1.2.8"
      "@chakra-ui/spinner" "1.1.12"
      "@chakra-ui/stat" "1.1.12"
      "@chakra-ui/switch" "1.2.8"
      "@chakra-ui/system" "1.7.2"
      "@chakra-ui/table" "1.2.6"
      "@chakra-ui/tabs" "1.5.4"
      "@chakra-ui/tag" "1.1.12"
      "@chakra-ui/textarea" "1.1.13"
      "@chakra-ui/theme" "1.10.0"
      "@chakra-ui/toast" "1.2.10"
      "@chakra-ui/tooltip" "1.3.9"
      "@chakra-ui/transition" "1.3.4"
      "@chakra-ui/utils" "1.8.2"
      "@chakra-ui/visually-hidden" "1.0.14"
  
  "@chakra-ui/select@1.1.13":
    version "1.1.13"
    resolved "https://registry.yarnpkg.com/@chakra-ui/select/-/select-1.1.13.tgz#3707ddf26231ffa294339d760ac1802bad37c64c"
    integrity sha512-o4Lj934xu76CLJ+dGmOKjgOBmvCQpO+5pHzXWKcu2fX9nJ//LyW1CBoCfWQz2tzylNgnXExwy6NWQj4T9HxDkA==
    dependencies:
      "@chakra-ui/form-control" "1.4.0"
      "@chakra-ui/utils" "1.8.2"
  
  "@chakra-ui/skeleton@1.1.17":
    version "1.1.17"
    resolved "https://registry.yarnpkg.com/@chakra-ui/skeleton/-/skeleton-1.1.17.tgz#f284c1e20aed3caa42576524607771e60ebe9ce4"
    integrity sha512-CQ3fL7pRfoADYlI2zcXdLGHdxADqNZbRW+HpZ+jcwkAnztSGRsC2F+4Txesj/9HfO3iBQ5lrrfyhvzbSnXayPg==
    dependencies:
      "@chakra-ui/hooks" "1.5.5"
      "@chakra-ui/media-query" "1.1.2"
      "@chakra-ui/system" "1.7.2"
      "@chakra-ui/utils" "1.8.2"
  
  "@chakra-ui/slider@1.2.8":
    version "1.2.8"
    resolved "https://registry.yarnpkg.com/@chakra-ui/slider/-/slider-1.2.8.tgz#d0b35c2c853bfc5c0520ae3f540a4cf7ae44d3a3"
    integrity sha512-nxbqbgY+lz/+b8M2vM1JK8UeUzrcIKNeUKKX7+2++At9+++ftyF8WW0UAOuuXRCw2w761IpNcDqa8Fo1I8c1ng==
    dependencies:
      "@chakra-ui/hooks" "1.5.5"
      "@chakra-ui/react-utils" "1.1.2"
      "@chakra-ui/utils" "1.8.2"
  
  "@chakra-ui/spinner@1.1.12":
    version "1.1.12"
    resolved "https://registry.yarnpkg.com/@chakra-ui/spinner/-/spinner-1.1.12.tgz#1833cb46f48e6d002c2820724e3a1a580e6ebc92"
    integrity sha512-cwchUCrZ2FEPSQilbCnJSFXmyDJC/9u29oitSNRVPF0DDvHUPZX1yG/DXZ0ZsWqodBw16/FZuRe2VRKOCGm0Iw==
    dependencies:
      "@chakra-ui/utils" "1.8.2"
      "@chakra-ui/visually-hidden" "1.0.14"
  
  "@chakra-ui/stat@1.1.12":
    version "1.1.12"
    resolved "https://registry.yarnpkg.com/@chakra-ui/stat/-/stat-1.1.12.tgz#0471d230a62e63bd522d67a346b3b11e8c4bd16b"
    integrity sha512-vhoW4zFF1BSlMpEZ179hCXLBT+TLtoW1JESObcOv/lAbFko5YBJAkPs4cws5eKdZsSqVUORtwKcJN+BjWUrkJw==
    dependencies:
      "@chakra-ui/icon" "1.1.11"
      "@chakra-ui/utils" "1.8.2"
      "@chakra-ui/visually-hidden" "1.0.14"
  
  "@chakra-ui/styled-system@1.12.2":
    version "1.12.2"
    resolved "https://registry.yarnpkg.com/@chakra-ui/styled-system/-/styled-system-1.12.2.tgz#918cedf92e12e3b3c053a4d6a8eeab9315d0980c"
    integrity sha512-wJvEgy93DLe0Tz2F9YFRTDnAz8YMC8O2Y0reI6WIDix0QL7dLWxrTA2reqMLaEmKnr965a/LDfyY21tWOB+6TQ==
    dependencies:
      "@chakra-ui/utils" "1.8.2"
      csstype "^3.0.6"
  
  "@chakra-ui/switch@1.2.8":
    version "1.2.8"
    resolved "https://registry.yarnpkg.com/@chakra-ui/switch/-/switch-1.2.8.tgz#fd81f41b70db37dbfe56042e6b8bc90f83483e34"
    integrity sha512-xWkNJiKivE5gdTXm6kGll/aTxlIdPE6Hw7/NOLBOjaDaBLHDcLokPg/ZFY+FsaasGEM73ukjt5uxYymYeWSD7A==
    dependencies:
      "@chakra-ui/checkbox" "1.5.5"
      "@chakra-ui/utils" "1.8.2"
  
  "@chakra-ui/system@1.7.2":
    version "1.7.2"
    resolved "https://registry.yarnpkg.com/@chakra-ui/system/-/system-1.7.2.tgz#c06874a95108be959e54542d7019d179138843ef"
    integrity sha512-/j4VJdsK61fD51uZRltN1t+FiteVAq+Np2lj5RMscieD8/jwYxRvl2j6kK+QdEogJjNK4VrRg66D6882mL+8qw==
    dependencies:
      "@chakra-ui/color-mode" "1.1.11"
      "@chakra-ui/react-utils" "1.1.2"
      "@chakra-ui/styled-system" "1.12.2"
      "@chakra-ui/utils" "1.8.2"
      react-fast-compare "3.2.0"
  
  "@chakra-ui/table@1.2.6":
    version "1.2.6"
    resolved "https://registry.yarnpkg.com/@chakra-ui/table/-/table-1.2.6.tgz#1402fd1479f07453067864d35967d8e6251114d4"
    integrity sha512-fwIBGRLCxhDjt17qfNESC51FIX9YDGJeSD9tC1vZKXveaJmYwVHOdoke1Vv/n++FoFkWPoJHplNOYgDFUiAPBA==
    dependencies:
      "@chakra-ui/utils" "1.8.2"
  
  "@chakra-ui/tabs@1.5.4":
    version "1.5.4"
    resolved "https://registry.yarnpkg.com/@chakra-ui/tabs/-/tabs-1.5.4.tgz#7be53cb1ee06ef2a6a052c35f3fa5e20e1f091ac"
    integrity sha512-nMBlMCUd9gxUyG1wmpA+4YkR9UHY6ggGSxVoxjJW5DrHLujfgfvxVhSilpt2sq+XiGfTIesFtfdgL8svfzEENQ==
    dependencies:
      "@chakra-ui/clickable" "1.1.7"
      "@chakra-ui/descendant" "2.0.1"
      "@chakra-ui/hooks" "1.5.5"
      "@chakra-ui/react-utils" "1.1.2"
      "@chakra-ui/utils" "1.8.2"
  
  "@chakra-ui/tag@1.1.12":
    version "1.1.12"
    resolved "https://registry.yarnpkg.com/@chakra-ui/tag/-/tag-1.1.12.tgz#36f19cb886eb6f079f4ed03e4ed7ca4dadc654ef"
    integrity sha512-/tTHhfFNFJUCZwfs7xDCc2kLpBYD/WElt1cl37wLBkODM5ai22BzD1SRvRtd3UJmJtFop/P8+9cdM3+ZuO//UQ==
    dependencies:
      "@chakra-ui/icon" "1.1.11"
      "@chakra-ui/utils" "1.8.2"
  
  "@chakra-ui/textarea@1.1.13":
    version "1.1.13"
    resolved "https://registry.yarnpkg.com/@chakra-ui/textarea/-/textarea-1.1.13.tgz#5274c42af0450d04007d842bb48829a75a5152fb"
    integrity sha512-wj4C9Y7zwxm/jev+eFkVrOOGBbxK8zUQzDLX7YSSPY2QbvwakH4D311+8yW+My2Lg901DQ1BMvzjI80bOAiarg==
    dependencies:
      "@chakra-ui/form-control" "1.4.0"
      "@chakra-ui/utils" "1.8.2"
  
  "@chakra-ui/theme-tools@1.1.9":
    version "1.1.9"
    resolved "https://registry.yarnpkg.com/@chakra-ui/theme-tools/-/theme-tools-1.1.9.tgz#24b6a0820eccd1b17786170c2577f521bd75744c"
    integrity sha512-nul8TE6EUzubaOS6B1bwy6IQvUlRjhI1vJtsoyxlOkyscFY6BMJzWIVDaO7wKwsc/nwF+fkNITF40p3AmG3Usw==
    dependencies:
      "@chakra-ui/utils" "1.8.2"
      "@types/tinycolor2" "1.4.2"
      tinycolor2 "1.4.2"
  
  "@chakra-ui/theme@1.10.0":
    version "1.10.0"
    resolved "https://registry.yarnpkg.com/@chakra-ui/theme/-/theme-1.10.0.tgz#a4614b7c3b8d3b0cd927c0a71212c8e5f0c27f4f"
    integrity sha512-2M70cgsOEjOgiP9EKN0xgREqkgcQbepNwqyd9VY2sTTGb9DOrD4HoQrUlQV++EmaFQEIxem8eZ9lMQ4zlaWC/g==
    dependencies:
      "@chakra-ui/theme-tools" "1.1.9"
      "@chakra-ui/utils" "1.8.2"
  
  "@chakra-ui/toast@1.2.10":
    version "1.2.10"
    resolved "https://registry.yarnpkg.com/@chakra-ui/toast/-/toast-1.2.10.tgz#f44eb8900e98146944956168aca12e0ae5d9adad"
    integrity sha512-xOoB5k0+2mVGnqLJVwcCZ9xeperywc4aB6QUOenirnFiVVKNCui9ASosgjM9ZCtTcX9XlOoDMe+lh2Ky//8WMA==
    dependencies:
      "@chakra-ui/alert" "1.2.7"
      "@chakra-ui/close-button" "1.1.11"
      "@chakra-ui/hooks" "1.5.5"
      "@chakra-ui/theme" "1.10.0"
      "@chakra-ui/transition" "1.3.4"
      "@chakra-ui/utils" "1.8.2"
      "@reach/alert" "0.13.2"
  
  "@chakra-ui/tooltip@1.3.9":
    version "1.3.9"
    resolved "https://registry.yarnpkg.com/@chakra-ui/tooltip/-/tooltip-1.3.9.tgz#06883813355bde22232277c3b5b44d3059a67d07"
    integrity sha512-rvZpqSeR/s9yV3RMSTc7Wo369D1CehFFUkHNnER3a0AC3t+CLAM0fVw1qhqFreGcAViz7xNc/Kgjx2PCfYNySQ==
    dependencies:
      "@chakra-ui/hooks" "1.5.5"
      "@chakra-ui/popper" "2.2.1"
      "@chakra-ui/portal" "1.2.8"
      "@chakra-ui/react-utils" "1.1.2"
      "@chakra-ui/utils" "1.8.2"
      "@chakra-ui/visually-hidden" "1.0.14"
  
  "@chakra-ui/transition@1.3.4":
    version "1.3.4"
    resolved "https://registry.yarnpkg.com/@chakra-ui/transition/-/transition-1.3.4.tgz#36d610e98913a371dcea0ac248ad09bf6b34535d"
    integrity sha512-FYBJzTKEUoozoSfOGruPuv1/GBL0mZniBPh+wjHYcXbIJdp8S2gbPFlHPN+4S9NDXz+c9p+OLHZAEEv3Vcvt7A==
    dependencies:
      "@chakra-ui/utils" "1.8.2"
  
  "@chakra-ui/utils@1.8.2", "@chakra-ui/utils@^1.7.0":
    version "1.8.2"
    resolved "https://registry.yarnpkg.com/@chakra-ui/utils/-/utils-1.8.2.tgz#5a9f1f67c5f2232769fe7d009fcf96eebf3c2b4e"
    integrity sha512-MnE4czCQCE87Ch1DfAdmZvObgRviw9wQ9Zti372P8VD1ILEdff/C5WBWHW6mgG3YcorPAxgnrNF3MmNE95jRkA==
    dependencies:
      "@types/lodash.mergewith" "4.6.6"
      css-box-model "1.2.1"
      framesync "5.3.0"
      lodash.mergewith "4.6.2"
  
  "@chakra-ui/visually-hidden@1.0.14":
    version "1.0.14"
    resolved "https://registry.yarnpkg.com/@chakra-ui/visually-hidden/-/visually-hidden-1.0.14.tgz#75fb92916c1f0c949d3a1e05584911a24122182c"
    integrity sha512-4OoF0kDmfAVX1IS5kcJ35iOGVHXmk7EZgwH5U4kB32z/81kmG0KW/VeEFnilOknH6a5Mf3fZr8rYRVb/gLfvGg==
    dependencies:
      "@chakra-ui/utils" "1.8.2"
  
  "@emotion/cache@^11.4.0":
    version "11.4.0"
    resolved "https://registry.yarnpkg.com/@emotion/cache/-/cache-11.4.0.tgz#293fc9d9a7a38b9aad8e9337e5014366c3b09ac0"
    integrity sha512-Zx70bjE7LErRO9OaZrhf22Qye1y4F7iDl+ITjet0J+i+B88PrAOBkKvaAWhxsZf72tDLajwCgfCjJ2dvH77C3g==
    dependencies:
      "@emotion/memoize" "^0.7.4"
      "@emotion/sheet" "^1.0.0"
      "@emotion/utils" "^1.0.0"
      "@emotion/weak-memoize" "^0.2.5"
      stylis "^4.0.3"
  
  "@emotion/hash@^0.8.0":
    version "0.8.0"
    resolved "https://registry.yarnpkg.com/@emotion/hash/-/hash-0.8.0.tgz#bbbff68978fefdbe68ccb533bc8cbe1d1afb5413"
    integrity sha512-kBJtf7PH6aWwZ6fka3zQ0p6SBYzx4fl1LoZXE2RrnYST9Xljm7WfKJrU4g/Xr3Beg72MLrp1AWNUmuYJTL7Cow==
  
  "@emotion/memoize@^0.7.4":
    version "0.7.5"
    resolved "https://registry.yarnpkg.com/@emotion/memoize/-/memoize-0.7.5.tgz#2c40f81449a4e554e9fc6396910ed4843ec2be50"
    integrity sha512-igX9a37DR2ZPGYtV6suZ6whr8pTFtyHL3K/oLUotxpSVO2ASaprmAe2Dkq7tBo7CRY7MMDrAa9nuQP9/YG8FxQ==
  
  "@emotion/react@^11.4.1":
    version "11.4.1"
    resolved "https://registry.yarnpkg.com/@emotion/react/-/react-11.4.1.tgz#a1b0b767b5bad57515ffb0cad9349614d27f4d57"
    integrity sha512-pRegcsuGYj4FCdZN6j5vqCALkNytdrKw3TZMekTzNXixRg4wkLsU5QEaBG5LC6l01Vppxlp7FE3aTHpIG5phLg==
    dependencies:
      "@babel/runtime" "^7.13.10"
      "@emotion/cache" "^11.4.0"
      "@emotion/serialize" "^1.0.2"
      "@emotion/sheet" "^1.0.2"
      "@emotion/utils" "^1.0.0"
      "@emotion/weak-memoize" "^0.2.5"
      hoist-non-react-statics "^3.3.1"
  
  "@emotion/serialize@^1.0.2":
    version "1.0.2"
    resolved "https://registry.yarnpkg.com/@emotion/serialize/-/serialize-1.0.2.tgz#77cb21a0571c9f68eb66087754a65fa97bfcd965"
    integrity sha512-95MgNJ9+/ajxU7QIAruiOAdYNjxZX7G2mhgrtDWswA21VviYIRP1R5QilZ/bDY42xiKsaktP4egJb3QdYQZi1A==
    dependencies:
      "@emotion/hash" "^0.8.0"
      "@emotion/memoize" "^0.7.4"
      "@emotion/unitless" "^0.7.5"
      "@emotion/utils" "^1.0.0"
      csstype "^3.0.2"
  
  "@emotion/sheet@^1.0.0", "@emotion/sheet@^1.0.2":
    version "1.0.2"
    resolved "https://registry.yarnpkg.com/@emotion/sheet/-/sheet-1.0.2.tgz#1d9ffde531714ba28e62dac6a996a8b1089719d0"
    integrity sha512-QQPB1B70JEVUHuNtzjHftMGv6eC3Y9wqavyarj4x4lg47RACkeSfNo5pxIOKizwS9AEFLohsqoaxGQj4p0vSIw==
  
  "@emotion/style@^0.8.0":
    version "0.8.0"
    resolved "https://registry.yarnpkg.com/@emotion/style/-/style-0.8.0.tgz#0130c5d8f2999be509e4fa8a8a9dc6a25e6443e9"
    integrity sha1-ATDF2PKZm+UJ5PqKip3Gol5kQ+k=
    dependencies:
      "@emotion/types" "^0.6.2"
      "@emotion/utils" "^0.6.1"
  
  "@emotion/types@^0.6.2":
    version "0.6.2"
    resolved "https://registry.yarnpkg.com/@emotion/types/-/types-0.6.2.tgz#ca3bd5053b9c0004982fed816f4c7ad9cdb4c423"
    integrity sha1-yjvVBTucAASYL+2Bb0x62c20xCM=
  
  "@emotion/unitless@^0.7.5":
    version "0.7.5"
    resolved "https://registry.yarnpkg.com/@emotion/unitless/-/unitless-0.7.5.tgz#77211291c1900a700b8a78cfafda3160d76949ed"
    integrity sha512-OWORNpfjMsSSUBVrRBVGECkhWcULOAJz9ZW8uK9qgxD+87M7jHRcvh/A96XXNhXTLmKcoYSQtBEX7lHMO7YRwg==
  
  "@emotion/utils@^0.6.1":
    version "0.6.1"
    resolved "https://registry.yarnpkg.com/@emotion/utils/-/utils-0.6.1.tgz#f657657b9db639e9f91fcb81284601f2e8e09df2"
    integrity sha1-9ldle522Oen5H8uBKEYB8ujgnfI=
  
  "@emotion/utils@^1.0.0":
    version "1.0.0"
    resolved "https://registry.yarnpkg.com/@emotion/utils/-/utils-1.0.0.tgz#abe06a83160b10570816c913990245813a2fd6af"
    integrity sha512-mQC2b3XLDs6QCW+pDQDiyO/EdGZYOygE8s5N5rrzjSI4M3IejPE/JPndCBwRT9z982aqQNi6beWs1UeayrQxxA==
  
  "@emotion/weak-memoize@^0.2.5":
    version "0.2.5"
    resolved "https://registry.yarnpkg.com/@emotion/weak-memoize/-/weak-memoize-0.2.5.tgz#8eed982e2ee6f7f4e44c253e12962980791efd46"
    integrity sha512-6U71C2Wp7r5XtFtQzYrW5iKFT67OixrSxjI4MptCHzdSVlgabczzqLe0ZSgnub/5Kp4hSbpDB1tMytZY9pwxxA==
  
  "@popperjs/core@2.4.4":
    version "2.4.4"
    resolved "https://registry.yarnpkg.com/@popperjs/core/-/core-2.4.4.tgz#11d5db19bd178936ec89cd84519c4de439574398"
    integrity sha512-1oO6+dN5kdIA3sKPZhRGJTfGVP4SWV6KqlMOwry4J3HfyD68sl/3KmG7DeYUzvN+RbhXDnv/D8vNNB8168tAMg==
  
  "@reach/alert@0.13.2":
    version "0.13.2"
    resolved "https://registry.yarnpkg.com/@reach/alert/-/alert-0.13.2.tgz#71c4a848d51341f1d6d9eaae060975391c224870"
    integrity sha512-LDz83AXCrClyq/MWe+0vaZfHp1Ytqn+kgL5VxG7rirUvmluWaj/snxzfNPWn0Ma4K2YENmXXRC/iHt5X95SqIg==
    dependencies:
      "@reach/utils" "0.13.2"
      "@reach/visually-hidden" "0.13.2"
      prop-types "^15.7.2"
      tslib "^2.1.0"
  
  "@reach/utils@0.13.2":
    version "0.13.2"
    resolved "https://registry.yarnpkg.com/@reach/utils/-/utils-0.13.2.tgz#87e8fef8ebfe583fa48250238a1a3ed03189fcc8"
    integrity sha512-3ir6cN60zvUrwjOJu7C6jec/samqAeyAB12ZADK+qjnmQPdzSYldrFWwDVV5H0WkhbYXR3uh+eImu13hCetNPQ==
    dependencies:
      "@types/warning" "^3.0.0"
      tslib "^2.1.0"
      warning "^4.0.3"
  
  "@reach/visually-hidden@0.13.2":
    version "0.13.2"
    resolved "https://registry.yarnpkg.com/@reach/visually-hidden/-/visually-hidden-0.13.2.tgz#ee21de376a7e57e60dc92d95a671073796caa17e"
    integrity sha512-sPZwNS0/duOuG0mYwE5DmgEAzW9VhgU3aIt1+mrfT/xiT9Cdncqke+kRBQgU708q/Ttm9tWsoHni03nn/SuPTQ==
    dependencies:
      prop-types "^15.7.2"
      tslib "^2.1.0"
  
  "@types/lodash.mergewith@4.6.6":
    version "4.6.6"
    resolved "https://registry.yarnpkg.com/@types/lodash.mergewith/-/lodash.mergewith-4.6.6.tgz#c4698f5b214a433ff35cb2c75ee6ec7f99d79f10"
    integrity sha512-RY/8IaVENjG19rxTZu9Nukqh0W2UrYgmBj5sdns4hWRZaV8PqR7wIKHFKzvOTjo4zVRV7sVI+yFhAJql12Kfqg==
    dependencies:
      "@types/lodash" "*"
  
  "@types/lodash@*":
    version "4.14.172"
    resolved "https://registry.yarnpkg.com/@types/lodash/-/lodash-4.14.172.tgz#aad774c28e7bfd7a67de25408e03ee5a8c3d028a"
    integrity sha512-/BHF5HAx3em7/KkzVKm3LrsD6HZAXuXO1AJZQ3cRRBZj4oHZDviWPYu0aEplAqDFNHZPW6d3G7KN+ONcCCC7pw==
  
  "@types/tinycolor2@1.4.2":
    version "1.4.2"
    resolved "https://registry.yarnpkg.com/@types/tinycolor2/-/tinycolor2-1.4.2.tgz#721ca5c5d1a2988b4a886e35c2ffc5735b6afbdf"
    integrity sha512-PeHg/AtdW6aaIO2a+98Xj7rWY4KC1E6yOy7AFknJQ7VXUGNrMlyxDFxJo7HqLtjQms/ZhhQX52mLVW/EX3JGOw==
  
  "@types/warning@^3.0.0":
    version "3.0.0"
    resolved "https://registry.yarnpkg.com/@types/warning/-/warning-3.0.0.tgz#0d2501268ad8f9962b740d387c4654f5f8e23e52"
    integrity sha1-DSUBJorY+ZYrdA04fEZU9fjiPlI=
  
  aria-hidden@^1.1.1:
    version "1.1.3"
    resolved "https://registry.yarnpkg.com/aria-hidden/-/aria-hidden-1.1.3.tgz#bb48de18dc84787a3c6eee113709c473c64ec254"
    integrity sha512-RhVWFtKH5BiGMycI72q2RAFMLQi8JP9bLuQXgR5a8Znp7P5KOIADSJeyfI8PCVxLEp067B2HbP5JIiI/PXIZeA==
    dependencies:
      tslib "^1.0.0"
  
  balanced-match@^1.0.0:
    version "1.0.2"
    resolved "https://registry.yarnpkg.com/balanced-match/-/balanced-match-1.0.2.tgz#e83e3a7e3f300b34cb9d87f615fa0cbf357690ee"
    integrity sha512-3oSeUO0TMV67hN1AmbXsK4yaqU7tjiHlbxRDZOpH0KW9+CeX4bRAaX0Anxt0tx2MrpRpWwQaPwIlISEJhYU5Pw==
  
  big-integer@^1.6.16:
    version "1.6.48"
    resolved "https://registry.yarnpkg.com/big-integer/-/big-integer-1.6.48.tgz#8fd88bd1632cba4a1c8c3e3d7159f08bb95b4b9e"
    integrity sha512-j51egjPa7/i+RdiRuJbPdJ2FIUYYPhvYLjzoYbcMMm62ooO6F94fETG4MTs46zPAF9Brs04OajboA/qTGuz78w==
  
  brace-expansion@^1.1.7:
    version "1.1.11"
    resolved "https://registry.yarnpkg.com/brace-expansion/-/brace-expansion-1.1.11.tgz#3c7fcbf529d87226f3d2f52b966ff5271eb441dd"
    integrity sha512-iCuPHDFgrHX7H2vEI/5xpz07zSHB00TpugqhmYtVmMO6518mCuRMoOYFldEBl0g187ufozdaHgWKcYFb61qGiA==
    dependencies:
      balanced-match "^1.0.0"
      concat-map "0.0.1"
  
  broadcast-channel@^3.4.1:
    version "3.7.0"
    resolved "https://registry.yarnpkg.com/broadcast-channel/-/broadcast-channel-3.7.0.tgz#2dfa5c7b4289547ac3f6705f9c00af8723889937"
    integrity sha512-cIAKJXAxGJceNZGTZSBzMxzyOn72cVgPnKx4dc6LRjQgbaJUQqhy5rzL3zbMxkMWsGKkv2hSFkPRMEXfoMZ2Mg==
    dependencies:
      "@babel/runtime" "^7.7.2"
      detect-node "^2.1.0"
      js-sha3 "0.8.0"
      microseconds "0.2.0"
      nano-time "1.0.0"
      oblivious-set "1.0.0"
      rimraf "3.0.2"
      unload "2.2.0"
  
  compute-scroll-into-view@1.0.14:
    version "1.0.14"
    resolved "https://registry.yarnpkg.com/compute-scroll-into-view/-/compute-scroll-into-view-1.0.14.tgz#80e3ebb25d6aa89f42e533956cb4b16a04cfe759"
    integrity sha512-mKDjINe3tc6hGelUMNDzuhorIUZ7kS7BwyY0r2wQd2HOH2tRuJykiC06iSEX8y1TuhNzvz4GcJnK16mM2J1NMQ==
  
  concat-map@0.0.1:
    version "0.0.1"
    resolved "https://registry.yarnpkg.com/concat-map/-/concat-map-0.0.1.tgz#d8a96bd77fd68df7793a73036a3ba0d5405d477b"
    integrity sha1-2Klr13/Wjfd5OnMDajug1UBdR3s=
  
  copy-to-clipboard@3.3.1:
    version "3.3.1"
    resolved "https://registry.yarnpkg.com/copy-to-clipboard/-/copy-to-clipboard-3.3.1.tgz#115aa1a9998ffab6196f93076ad6da3b913662ae"
    integrity sha512-i13qo6kIHTTpCm8/Wup+0b1mVWETvu2kIMzKoK8FpkLkFxlt0znUAHcMzox+T8sPlqtZXq3CulEjQHsYiGFJUw==
    dependencies:
      toggle-selection "^1.0.6"
  
  css-box-model@1.2.1:
    version "1.2.1"
    resolved "https://registry.yarnpkg.com/css-box-model/-/css-box-model-1.2.1.tgz#59951d3b81fd6b2074a62d49444415b0d2b4d7c1"
    integrity sha512-a7Vr4Q/kd/aw96bnJG332W9V9LkJO69JRcaCYDUqjp6/z0w6VcZjgAcTbgFxEPfBgdnAwlh3iwu+hLopa+flJw==
    dependencies:
      tiny-invariant "^1.0.6"
  
  csstype@^3.0.2, csstype@^3.0.6:
    version "3.0.8"
    resolved "https://registry.yarnpkg.com/csstype/-/csstype-3.0.8.tgz#d2266a792729fb227cd216fb572f43728e1ad340"
    integrity sha512-jXKhWqXPmlUeoQnF/EhTtTl4C9SnrxSH/jZUih3jmO6lBKr99rP3/+FmrMj4EFpOXzMtXHAZkd3x0E6h6Fgflw==
  
  detect-node-es@^1.1.0:
    version "1.1.0"
    resolved "https://registry.yarnpkg.com/detect-node-es/-/detect-node-es-1.1.0.tgz#163acdf643330caa0b4cd7c21e7ee7755d6fa493"
    integrity sha512-ypdmJU/TbBby2Dxibuv7ZLW3Bs1QEmM7nHjEANfohJLvE0XVujisn1qPJcZxg+qDucsr+bP6fLD1rPS3AhJ7EQ==
  
  detect-node@^2.0.4, detect-node@^2.1.0:
    version "2.1.0"
    resolved "https://registry.yarnpkg.com/detect-node/-/detect-node-2.1.0.tgz#c9c70775a49c3d03bc2c06d9a73be550f978f8b1"
    integrity sha512-T0NIuQpnTvFDATNuHN5roPwSBG83rFsuO+MXXH9/3N1eFbn4wcPjttvjMLEPWJ0RGUYgQE7cGgS3tNxbqCGM7g==
  
  focus-lock@^0.8.1:
    version "0.8.1"
    resolved "https://registry.yarnpkg.com/focus-lock/-/focus-lock-0.8.1.tgz#bb36968abf77a2063fa173cb6c47b12ac8599d33"
    integrity sha512-/LFZOIo82WDsyyv7h7oc0MJF9ACOvDRdx9rWPZ2pgMfNWu/z8hQDBtOchuB/0BVLmuFOZjV02YwUVzNsWx/EzA==
    dependencies:
      tslib "^1.9.3"
  
  framesync@5.3.0:
    version "5.3.0"
    resolved "https://registry.yarnpkg.com/framesync/-/framesync-5.3.0.tgz#0ecfc955e8f5a6ddc8fdb0cc024070947e1a0d9b"
    integrity sha512-oc5m68HDO/tuK2blj7ZcdEBRx3p1PjrgHazL8GYEpvULhrtGIFbQArN6cQS2QhW8mitffaB+VYzMjDqBxxQeoA==
    dependencies:
      tslib "^2.1.0"
  
  fs.realpath@^1.0.0:
    version "1.0.0"
    resolved "https://registry.yarnpkg.com/fs.realpath/-/fs.realpath-1.0.0.tgz#1504ad2523158caa40db4a2787cb01411994ea4f"
    integrity sha1-FQStJSMVjKpA20onh8sBQRmU6k8=
  
  get-nonce@^1.0.0:
    version "1.0.1"
    resolved "https://registry.yarnpkg.com/get-nonce/-/get-nonce-1.0.1.tgz#fdf3f0278073820d2ce9426c18f07481b1e0cdf3"
    integrity sha512-FJhYRoDaiatfEkUK8HKlicmu/3SGFD51q3itKDGoSTysQJBnfOcxU5GxnhE1E6soB76MbT0MBtnKJuXyAx+96Q==
  
  glob@^7.1.3:
    version "7.1.7"
    resolved "https://registry.yarnpkg.com/glob/-/glob-7.1.7.tgz#3b193e9233f01d42d0b3f78294bbeeb418f94a90"
    integrity sha512-OvD9ENzPLbegENnYP5UUfJIirTg4+XwMWGaQfQTY0JenxNvvIKP3U3/tAQSPIu/lHxXYSZmpXlUHeqAIdKzBLQ==
    dependencies:
      fs.realpath "^1.0.0"
      inflight "^1.0.4"
      inherits "2"
      minimatch "^3.0.4"
      once "^1.3.0"
      path-is-absolute "^1.0.0"
  
  hoist-non-react-statics@^3.3.1:
    version "3.3.2"
    resolved "https://registry.yarnpkg.com/hoist-non-react-statics/-/hoist-non-react-statics-3.3.2.tgz#ece0acaf71d62c2969c2ec59feff42a4b1a85b45"
    integrity sha512-/gGivxi8JPKWNm/W0jSmzcMPpfpPLc3dY/6GxhX2hQ9iGj3aDfklV4ET7NjKpSinLpJ5vafa9iiGIEZg10SfBw==
    dependencies:
      react-is "^16.7.0"
  
  inflight@^1.0.4:
    version "1.0.6"
    resolved "https://registry.yarnpkg.com/inflight/-/inflight-1.0.6.tgz#49bd6331d7d02d0c09bc910a1075ba8165b56df9"
    integrity sha1-Sb1jMdfQLQwJvJEKEHW6gWW1bfk=
    dependencies:
      once "^1.3.0"
      wrappy "1"
  
  inherits@2:
    version "2.0.4"
    resolved "https://registry.yarnpkg.com/inherits/-/inherits-2.0.4.tgz#0fa2c64f932917c3433a0ded55363aae37416b7c"
    integrity sha512-k/vGaX4/Yla3WzyMCvTQOXYeIHvqOKtnqBduzTHpzpQZzAskKMhZ2K+EnBiSM9zGSoIFeMpXKxa4dYeZIQqewQ==
  
  invariant@^2.2.4:
    version "2.2.4"
    resolved "https://registry.yarnpkg.com/invariant/-/invariant-2.2.4.tgz#610f3c92c9359ce1db616e538008d23ff35158e6"
    integrity sha512-phJfQVBuaJM5raOpJjSfkiD6BpbCE4Ns//LaXl6wGYtUBY83nWS6Rf9tXm2e8VaK60JEjYldbPif/A2B1C2gNA==
    dependencies:
      loose-envify "^1.0.0"
  
  js-sha3@0.8.0:
    version "0.8.0"
    resolved "https://registry.yarnpkg.com/js-sha3/-/js-sha3-0.8.0.tgz#b9b7a5da73afad7dedd0f8c463954cbde6818840"
    integrity sha512-gF1cRrHhIzNfToc802P800N8PpXS+evLLXfsVpowqmAFR9uwbi89WvXg2QspOmXL8QL86J4T1EpFu+yUkwJY3Q==
  
  "js-tokens@^3.0.0 || ^4.0.0":
    version "4.0.0"
    resolved "https://registry.yarnpkg.com/js-tokens/-/js-tokens-4.0.0.tgz#19203fb59991df98e3a287050d4647cdeaf32499"
    integrity sha512-RdJUflcE3cUzKiMqQgsCu06FPu9UdIJO0beYbPhHN4k6apgJtifcoCtT9bcxOpYBtpD2kCM6Sbzg4CausW/PKQ==
  
  lodash.mergewith@4.6.2:
    version "4.6.2"
    resolved "https://registry.yarnpkg.com/lodash.mergewith/-/lodash.mergewith-4.6.2.tgz#617121f89ac55f59047c7aec1ccd6654c6590f55"
    integrity sha512-GK3g5RPZWTRSeLSpgP8Xhra+pnjBC56q9FZYe1d5RN3TJ35dbkGy3YqBSMbyCrlbi+CM9Z3Jk5yTL7RCsqboyQ==
  
  loose-envify@^1.0.0, loose-envify@^1.4.0:
    version "1.4.0"
    resolved "https://registry.yarnpkg.com/loose-envify/-/loose-envify-1.4.0.tgz#71ee51fa7be4caec1a63839f7e682d8132d30caf"
    integrity sha512-lyuxPGr/Wfhrlem2CL/UcnUc1zcqKAImBDzukY7Y5F/yQiNdko6+fRLevlw1HgMySw7f611UIY408EtxRSoK3Q==
    dependencies:
      js-tokens "^3.0.0 || ^4.0.0"
  
  match-sorter@^6.0.2:
    version "6.3.0"
    resolved "https://registry.yarnpkg.com/match-sorter/-/match-sorter-6.3.0.tgz#454a1b31ed218cddbce6231a0ecb5fdc549fed01"
    integrity sha512-efYOf/wUpNb8FgNY+cOD2EIJI1S5I7YPKsw0LBp7wqPh5pmMS6i/wr3ZWwfwrAw1NvqTA2KUReVRWDX84lUcOQ==
    dependencies:
      "@babel/runtime" "^7.12.5"
      remove-accents "0.4.2"
  
  microseconds@0.2.0:
    version "0.2.0"
    resolved "https://registry.yarnpkg.com/microseconds/-/microseconds-0.2.0.tgz#233b25f50c62a65d861f978a4a4f8ec18797dc39"
    integrity sha512-n7DHHMjR1avBbSpsTBj6fmMGh2AGrifVV4e+WYc3Q9lO+xnSZ3NyhcBND3vzzatt05LFhoKFRxrIyklmLlUtyA==
  
  minimatch@^3.0.4:
    version "3.0.4"
    resolved "https://registry.yarnpkg.com/minimatch/-/minimatch-3.0.4.tgz#5166e286457f03306064be5497e8dbb0c3d32083"
    integrity sha512-yJHVQEhyqPLUTgt9B83PXu6W3rx4MvvHvSUvToogpwoGDOUQ+yDrR0HRot+yOCdCO7u4hX3pWft6kWBBcqh0UA==
    dependencies:
      brace-expansion "^1.1.7"
  
  nano-time@1.0.0:
    version "1.0.0"
    resolved "https://registry.yarnpkg.com/nano-time/-/nano-time-1.0.0.tgz#b0554f69ad89e22d0907f7a12b0993a5d96137ef"
    integrity sha1-sFVPaa2J4i0JB/ehKwmTpdlhN+8=
    dependencies:
      big-integer "^1.6.16"
  
  object-assign@^4.1.1:
    version "4.1.1"
    resolved "https://registry.yarnpkg.com/object-assign/-/object-assign-4.1.1.tgz#2109adc7965887cfc05cbbd442cac8bfbb360863"
    integrity sha1-IQmtx5ZYh8/AXLvUQsrIv7s2CGM=
  
  oblivious-set@1.0.0:
    version "1.0.0"
    resolved "https://registry.yarnpkg.com/oblivious-set/-/oblivious-set-1.0.0.tgz#c8316f2c2fb6ff7b11b6158db3234c49f733c566"
    integrity sha512-z+pI07qxo4c2CulUHCDf9lcqDlMSo72N/4rLUpRXf6fu+q8vjt8y0xS+Tlf8NTJDdTXHbdeO1n3MlbctwEoXZw==
  
  once@^1.3.0:
    version "1.4.0"
    resolved "https://registry.yarnpkg.com/once/-/once-1.4.0.tgz#583b1aa775961d4b113ac17d9c50baef9dd76bd1"
    integrity sha1-WDsap3WWHUsROsF9nFC6753Xa9E=
    dependencies:
      wrappy "1"
  
  path-is-absolute@^1.0.0:
    version "1.0.1"
    resolved "https://registry.yarnpkg.com/path-is-absolute/-/path-is-absolute-1.0.1.tgz#174b9268735534ffbc7ace6bf53a5a9e1b5c5f5f"
    integrity sha1-F0uSaHNVNP+8es5r9TpanhtcX18=
  
  prop-types@^15.6.2, prop-types@^15.7.2:
    version "15.7.2"
    resolved "https://registry.yarnpkg.com/prop-types/-/prop-types-15.7.2.tgz#52c41e75b8c87e72b9d9360e0206b99dcbffa6c5"
    integrity sha512-8QQikdH7//R2vurIJSutZ1smHYTcLpRWEOlHnzcWHmBYrOGUysKwSsrC89BCiFj3CbrfJ/nXFdJepOVrY1GCHQ==
    dependencies:
      loose-envify "^1.4.0"
      object-assign "^4.1.1"
      react-is "^16.8.1"
  
  react-clientside-effect@^1.2.2:
    version "1.2.5"
    resolved "https://registry.yarnpkg.com/react-clientside-effect/-/react-clientside-effect-1.2.5.tgz#e2c4dc3c9ee109f642fac4f5b6e9bf5bcd2219a3"
    integrity sha512-2bL8qFW1TGBHozGGbVeyvnggRpMjibeZM2536AKNENLECutp2yfs44IL8Hmpn8qjFQ2K7A9PnYf3vc7aQq/cPA==
    dependencies:
      "@babel/runtime" "^7.12.13"
  
  react-fast-compare@3.2.0:
    version "3.2.0"
    resolved "https://registry.yarnpkg.com/react-fast-compare/-/react-fast-compare-3.2.0.tgz#641a9da81b6a6320f270e89724fb45a0b39e43bb"
    integrity sha512-rtGImPZ0YyLrscKI9xTpV8psd6I8VAtjKCzQDlzyDvqJA8XOW78TXYQwNRNd8g8JZnDu8q9Fu/1v4HPAVwVdHA==
  
  react-focus-lock@2.5.0:
    version "2.5.0"
    resolved "https://registry.yarnpkg.com/react-focus-lock/-/react-focus-lock-2.5.0.tgz#12e3a3940e897c26e2c2a0408cd25ea3c99b3709"
    integrity sha512-XLxj6uTXgz0US8TmqNU2jMfnXwZG0mH2r/afQqvPEaX6nyEll5LHVcEXk2XDUQ34RVeLPkO/xK5x6c/qiuSq/A==
    dependencies:
      "@babel/runtime" "^7.0.0"
      focus-lock "^0.8.1"
      prop-types "^15.6.2"
      react-clientside-effect "^1.2.2"
      use-callback-ref "^1.2.1"
      use-sidecar "^1.0.1"
  
  react-is@^16.7.0, react-is@^16.8.1:
    version "16.13.1"
    resolved "https://registry.yarnpkg.com/react-is/-/react-is-16.13.1.tgz#789729a4dc36de2999dc156dd6c1d9c18cea56a4"
    integrity sha512-24e6ynE2H+OKt4kqsOvNd8kBpV65zoxbA4BVsEOB3ARVWQki/DHzaUoC5KuON/BiccDaCCTZBuOcfZs70kR8bQ==
  
  react-query@^3.19.4:
    version "3.19.4"
    resolved "https://registry.yarnpkg.com/react-query/-/react-query-3.19.4.tgz#67b97470446bd0315d02066debec7775cac83f29"
    integrity sha512-/jQXoYv2IqWnYx665M1da/M6EFaaSDtP8jVqcCFk3vhpJsNYYwFG9vPjqIUv/GRpKp4qzk+qwTkJfF/bHeBuZQ==
    dependencies:
      "@babel/runtime" "^7.5.5"
      broadcast-channel "^3.4.1"
      match-sorter "^6.0.2"
  
  react-remove-scroll-bar@^2.1.0:
    version "2.2.0"
    resolved "https://registry.yarnpkg.com/react-remove-scroll-bar/-/react-remove-scroll-bar-2.2.0.tgz#d4d545a7df024f75d67e151499a6ab5ac97c8cdd"
    integrity sha512-UU9ZBP1wdMR8qoUs7owiVcpaPwsQxUDC2lypP6mmixaGlARZa7ZIBx1jcuObLdhMOvCsnZcvetOho0wzPa9PYg==
    dependencies:
      react-style-singleton "^2.1.0"
      tslib "^1.0.0"
  
  react-remove-scroll@2.4.1:
    version "2.4.1"
    resolved "https://registry.yarnpkg.com/react-remove-scroll/-/react-remove-scroll-2.4.1.tgz#e0af6126621083a5064591d367291a81b2d107f5"
    integrity sha512-K7XZySEzOHMTq7dDwcHsZA6Y7/1uX5RsWhRXVYv8rdh+y9Qz2nMwl9RX/Mwnj/j7JstCGmxyfyC0zbVGXYh3mA==
    dependencies:
      react-remove-scroll-bar "^2.1.0"
      react-style-singleton "^2.1.0"
      tslib "^1.0.0"
      use-callback-ref "^1.2.3"
      use-sidecar "^1.0.1"
  
  react-style-singleton@^2.1.0:
    version "2.1.1"
    resolved "https://registry.yarnpkg.com/react-style-singleton/-/react-style-singleton-2.1.1.tgz#ce7f90b67618be2b6b94902a30aaea152ce52e66"
    integrity sha512-jNRp07Jza6CBqdRKNgGhT3u9umWvils1xsuMOjZlghBDH2MU0PL2WZor4PGYjXpnRCa9DQSlHMs/xnABWOwYbA==
    dependencies:
      get-nonce "^1.0.0"
      invariant "^2.2.4"
      tslib "^1.0.0"
  
  regenerator-runtime@^0.13.4:
    version "0.13.9"
    resolved "https://registry.yarnpkg.com/regenerator-runtime/-/regenerator-runtime-0.13.9.tgz#8925742a98ffd90814988d7566ad30ca3b263b52"
    integrity sha512-p3VT+cOEgxFsRRA9X4lkI1E+k2/CtnKtU4gcxyaCUreilL/vqI6CdZ3wxVUx3UOUg+gnUOQQcRI7BmSI656MYA==
  
  remove-accents@0.4.2:
    version "0.4.2"
    resolved "https://registry.yarnpkg.com/remove-accents/-/remove-accents-0.4.2.tgz#0a43d3aaae1e80db919e07ae254b285d9e1c7bb5"
    integrity sha1-CkPTqq4egNuRngeuJUsoXZ4ce7U=
  
  rimraf@3.0.2:
    version "3.0.2"
    resolved "https://registry.yarnpkg.com/rimraf/-/rimraf-3.0.2.tgz#f1a5402ba6220ad52cc1282bac1ae3aa49fd061a"
    integrity sha512-JZkJMZkAGFFPP2YqXZXPbMlMBgsxzE8ILs4lMIX/2o0L9UBw9O/Y3o6wFw/i9YLapcUJWwqbi3kdxIPdC62TIA==
    dependencies:
      glob "^7.1.3"
  
  stylis@^4.0.3:
    version "4.0.10"
    resolved "https://registry.yarnpkg.com/stylis/-/stylis-4.0.10.tgz#446512d1097197ab3f02fb3c258358c3f7a14240"
    integrity sha512-m3k+dk7QeJw660eIKRRn3xPF6uuvHs/FFzjX3HQ5ove0qYsiygoAhwn5a3IYKaZPo5LrYD0rfVmtv1gNY1uYwg==
  
  tiny-invariant@^1.0.6:
    version "1.1.0"
    resolved "https://registry.yarnpkg.com/tiny-invariant/-/tiny-invariant-1.1.0.tgz#634c5f8efdc27714b7f386c35e6760991d230875"
    integrity sha512-ytxQvrb1cPc9WBEI/HSeYYoGD0kWnGEOR8RY6KomWLBVhqz0RgTwVO9dLrGz7dC+nN9llyI7OKAgRq8Vq4ZBSw==
  
  tinycolor2@1.4.2:
    version "1.4.2"
    resolved "https://registry.yarnpkg.com/tinycolor2/-/tinycolor2-1.4.2.tgz#3f6a4d1071ad07676d7fa472e1fac40a719d8803"
    integrity sha512-vJhccZPs965sV/L2sU4oRQVAos0pQXwsvTLkWYdqJ+a8Q5kPFzJTuOFwy7UniPli44NKQGAglksjvOcpo95aZA==
  
  toggle-selection@^1.0.6:
    version "1.0.6"
    resolved "https://registry.yarnpkg.com/toggle-selection/-/toggle-selection-1.0.6.tgz#6e45b1263f2017fa0acc7d89d78b15b8bf77da32"
    integrity sha1-bkWxJj8gF/oKzH2J14sVuL932jI=
  
  tslib@^1.0.0, tslib@^1.9.3:
    version "1.14.1"
    resolved "https://registry.yarnpkg.com/tslib/-/tslib-1.14.1.tgz#cf2d38bdc34a134bcaf1091c41f6619e2f672d00"
    integrity sha512-Xni35NKzjgMrwevysHTCArtLDpPvye8zV/0E4EyYn43P7/7qvQwPh9BGkHewbMulVntbigmcT7rdX3BNo9wRJg==
  
  tslib@^2.1.0:
    version "2.3.1"
    resolved "https://registry.yarnpkg.com/tslib/-/tslib-2.3.1.tgz#e8a335add5ceae51aa261d32a490158ef042ef01"
    integrity sha512-77EbyPPpMz+FRFRuAFlWMtmgUWGe9UOG2Z25NqCwiIjRhOf5iKGuzSe5P2w1laq+FkRy4p+PCuVkJSGkzTEKVw==
  
  unload@2.2.0:
    version "2.2.0"
    resolved "https://registry.yarnpkg.com/unload/-/unload-2.2.0.tgz#ccc88fdcad345faa06a92039ec0f80b488880ef7"
    integrity sha512-B60uB5TNBLtN6/LsgAf3udH9saB5p7gqJwcFfbOEZ8BcBHnGwCf6G/TGiEqkRAxX7zAFIUtzdrXQSdL3Q/wqNA==
    dependencies:
      "@babel/runtime" "^7.6.2"
      detect-node "^2.0.4"
  
  use-callback-ref@^1.2.1, use-callback-ref@^1.2.3:
    version "1.2.5"
    resolved "https://registry.yarnpkg.com/use-callback-ref/-/use-callback-ref-1.2.5.tgz#6115ed242cfbaed5915499c0a9842ca2912f38a5"
    integrity sha512-gN3vgMISAgacF7sqsLPByqoePooY3n2emTH59Ur5d/M8eg4WTWu1xp8i8DHjohftIyEx0S08RiYxbffr4j8Peg==
  
  use-sidecar@^1.0.1:
    version "1.0.5"
    resolved "https://registry.yarnpkg.com/use-sidecar/-/use-sidecar-1.0.5.tgz#ffff2a17c1df42e348624b699ba6e5c220527f2b"
    integrity sha512-k9jnrjYNwN6xYLj1iaGhonDghfvmeTmYjAiGvOr7clwKfPjMXJf4/HOr7oT5tJwYafgp2tG2l3eZEOfoELiMcA==
    dependencies:
      detect-node-es "^1.1.0"
      tslib "^1.9.3"
  
  warning@^4.0.3:
    version "4.0.3"
    resolved "https://registry.yarnpkg.com/warning/-/warning-4.0.3.tgz#16e9e077eb8a86d6af7d64aa1e05fd85b4678ca3"
    integrity sha512-rpJyN222KWIvHJ/F53XSZv0Zl/accqHR8et1kpaMTD/fLCRxtV8iX8czMzY7sVZupTI3zcUTg8eycS2kNF9l6w==
    dependencies:
      loose-envify "^1.0.0"
  
  wrappy@1:
    version "1.0.2"
    resolved "https://registry.yarnpkg.com/wrappy/-/wrappy-1.0.2.tgz#b5243d8f3ec1aa35f1364605bc0d1036e30ab69f"
    integrity sha1-tSQ9jz7BqjXxNkYFvA0QNuMKtp8=
