Arguments: 
  C:\Program Files\nodejs\node.exe C:\Users\E14G2001\AppData\Roaming\npm\node_modules\yarn\bin\yarn.js add @types/fs

PATH: 
  C:\Windows\system32;C:\Windows;C:\Windows\System32\Wbem;C:\Windows\System32\WindowsPowerShell\v1.0\;C:\Windows\System32\OpenSSH\;C:\Program Files\nodejs\;C:\Program Files\Git\cmd;C:\Program Files\PostgreSQL\14\bin;C:\Users\E14G2001\AppData\Local\Microsoft\WindowsApps;C:\Users\E14G2001\AppData\Local\Programs\Microsoft VS Code\bin;C:\Users\E14G2001\AppData\Roaming\npm;C:\Program Files\PostgreSQL\14\bin;

Yarn version: 
  1.22.19

Node version: 
  16.17.1

Platform: 
  win32 x64

Trace: 
  Error: https://registry.yarnpkg.com/@types%2ffs: Not found
      at Request.params.callback [as _callback] (C:\Users\E14G2001\AppData\Roaming\npm\node_modules\yarn\lib\cli.js:66145:18)
      at Request.self.callback (C:\Users\E14G2001\AppData\Roaming\npm\node_modules\yarn\lib\cli.js:140890:22)
      at Request.emit (node:events:513:28)
      at Request.<anonymous> (C:\Users\E14G2001\AppData\Roaming\npm\node_modules\yarn\lib\cli.js:141862:10)
      at Request.emit (node:events:513:28)
      at IncomingMessage.<anonymous> (C:\Users\E14G2001\AppData\Roaming\npm\node_modules\yarn\lib\cli.js:141784:12)
      at Object.onceWrapper (node:events:627:28)
      at IncomingMessage.emit (node:events:525:35)
      at endReadableNT (node:internal/streams/readable:1358:12)
      at processTicksAndRejections (node:internal/process/task_queues:83:21)

npm manifest: 
  {
      "name": "ScriptProducer",
      "version": "1.0.0",
      "description": "",
      "main": "src/main.ts",
      "scripts": {
        "test": "echo \"Error: no test specified\" && exit 1",
        "run": "tsc & node dist/main.js"
      },
      "keywords": [],
      "author": "",
      "license": "ISC",
      "dependencies": {
        "node": "^17.7.2"
      },
      "devDependencies": {
        "@types/node": "^17.0.42"
      }
    }

yarn manifest: 
  No manifest

Lockfile: 
  No lockfile
