Arguments: 
  C:\Program Files\nodejs\node.exe C:\Users\EpistoLEN15_001\AppData\Roaming\npm\node_modules\yarn\bin\yarn.js

PATH: 
  C:\Program Files\AdoptOpenJDK\jre-8.0.292.10-hotspot\bin;C:\Program Files\AdoptOpenJDK\jre-11.0.11.9-hotspot\bin;C:\Program Files (x86)\AdoptOpenJDK\jre-8.0.292.10-hotspot\bin;C:\Windows\system32;C:\Windows;C:\Windows\System32\Wbem;C:\Windows\System32\WindowsPowerShell\v1.0\;C:\Windows\System32\OpenSSH\;C:\Program Files\Git\cmd;C:\Program Files\MongoDB\Tools\100\bin;C:\Program Files\PuTTY\;C:\Program Files\Microsoft SQL Server\Client SDK\ODBC\170\Tools\Binn\;C:\Program Files (x86)\Microsoft SQL Server\150\Tools\Binn\;C:\Program Files\Microsoft SQL Server\150\Tools\Binn\;C:\Program Files\Microsoft SQL Server\150\DTS\Binn\;C:\Program Files (x86)\Microsoft SQL Server\150\DTS\Binn\;C:\Program Files\Azure Data Studio\bin;C:\Program Files\nodejs;C:\Program Files\dotnet\;C:\Program Files\Graphviz\bin;C:\Program Files\PostgreSQL\14\lib;C:\Program Files\PostgreSQL\14\bin;C:\Program Files\nodejs\;C:\Users\EpistoLEN15_001\AppData\Local\Microsoft\WindowsApps;C:\Users\EpistoLEN15_001\AppData\Local\Programs\Microsoft VS Code\bin;C:\Users\EpistoLEN15_001\AppData\Local\GitHubDesktop\bin;C:\Program Files\Azure Data Studio\bin;C:\Program Files\nodejs;C:\Users\EpistoLEN15_001\.dotnet\tools;C:\Program Files\Graphviz\bin;C:\Program Files\JetBrains\WebStorm 2022.2.1\bin;;C:\Program Files\PostgreSQL\14\bin;C:\Program Files\PostgreSQL\14\lib;C:\Users\EpistoLEN15_001\AppData\Roaming\npm

Yarn version: 
  1.22.11

Node version: 
  16.18.0

Platform: 
  win32 x64

Trace: 
  Error: EPERM: operation not permitted, unlink 'C:\GitRepositories\epistogram\node_modules\node\node_modules\node-win-x64\bin\node.exe'

npm manifest: 
  {
    "name": "@eutil/script-producer",
    "version": "1.0.0",
    "description": "",
    "main": "src/main.ts",
    "scripts": {
      "test": "echo \"Error: no test specified\" && exit 1",
      "start": "ts-node ./src/main.ts",
      "build": "tsc -v && webpack --mode production",
      "tsc": "tsc"
    },
    "keywords": [],
    "author": "",
    "license": "ISC",
    "dependencies": {
      "node": "^17.7.2"
    },
    "devDependencies": {
      "@types/node": "18.11.9",
      "ts-loader": "^9.4.1",
      "webpack": "^5.74.0",
      "webpack-cli": "^4.10.0",
      "typescript": "4.8.4"
    }
  }

yarn manifest: 
  No manifest

Lockfile: 
  No lockfile
