Arguments: 
  C:\Program Files\nodejs\node.exe C:\Users\spenglermanfred\AppData\Local\node\corepack\yarn\1.22.19\bin\yarn.js

PATH: 
  C:\Python310\Scripts\;C:\Python310\;C:\Program Files (x86)\Common Files\Oracle\Java\javapath;C:\WINDOWS\system32;C:\WINDOWS;C:\WINDOWS\System32\Wbem;C:\WINDOWS\System32\WindowsPowerShell\v1.0\;C:\WINDOWS\System32\OpenSSH\;C:\Program Files\Git\cmd;C:\ProgramData\chocolatey\bin;C:\Program Files\Docker\Docker\resources\bin;C:\ProgramData\DockerDesktop\version-bin;C:\Program Files\PostgreSQL\14\bin;C:\Program Files\nodejs\;C:\Users\spenglermanfred\AppData\Local\Microsoft\WindowsApps;C:\Users\spenglermanfred\AppData\Local\Programs\Microsoft VS Code\bin;C:\Program Files\JetBrains\WebStorm 2022.2\bin;C:\Users\spenglermanfred\Documents\WindowsPowerShell\Scripts;C:\Users\spenglermanfred\AppData\Local\GitHubDesktop\bin;C:\Program Files\PostgreSQL\14\bin;C:\Users\spenglermanfred\AppData\Roaming\npm;C:\Program Files (x86)\Nmap;C:\Program Files (x86)\Nmap

Yarn version: 
  1.22.19

Node version: 
  16.18.0

Platform: 
  win32 x64

Trace: 
  Error: EPERM: operation not permitted, unlink 'C:\dev\epistogram\node_modules\node\node_modules\node-win-x64\bin\node.exe'

npm manifest: 
  {
      "name": "@episto/xcore",
      "version": "1.0.0",
      "private": true,
      "license": "UNLICENSED",
      "main": "./dist/index.js",
      "typings": "./dist/index.d.ts",
      "type": "module",
      "scripts": {
          "start": "tsc",
          "build": "tsc -v && tsc"
      },
      "devDependencies": {
          "@types/node": "18.11.9",
          "typescript": "4.8.4"
      }
  }

yarn manifest: 
  No manifest

Lockfile: 
  No lockfile
