Arguments: 
  C:\Program Files\nodejs\node.exe C:\Users\E14G2001\AppData\Roaming\npm\node_modules\yarn\bin\yarn.js

PATH: 
  C:\Windows\system32;C:\Windows;C:\Windows\System32\Wbem;C:\Windows\System32\WindowsPowerShell\v1.0\;C:\Windows\System32\OpenSSH\;C:\Program Files\nodejs\;C:\Program Files\Git\cmd;C:\Program Files\PostgreSQL\14\bin;C:\Users\E14G2001\AppData\Local\Microsoft\WindowsApps;C:\Users\E14G2001\AppData\Local\Programs\Microsoft VS Code\bin;C:\Users\E14G2001\AppData\Roaming\npm;C:\Program Files\PostgreSQL\14\bin;

Yarn version: 
  1.22.19

Node version: 
  16.17.1

Platform: 
  win32 x64

Trace: 
  Error: https://registry.yarnpkg.com/@episto%2fcommon: Not found
      at Request.params.callback [as _callback] (C:\Users\E14G2001\AppData\Roaming\npm\node_modules\yarn\lib\cli.js:66145:18)
      at Request.self.callback (C:\Users\E14G2001\AppData\Roaming\npm\node_modules\yarn\lib\cli.js:140890:22)
      at Request.emit (node:events:513:28)
      at Request.<anonymous> (C:\Users\E14G2001\AppData\Roaming\npm\node_modules\yarn\lib\cli.js:141862:10)
      at Request.emit (node:events:513:28)
      at IncomingMessage.<anonymous> (C:\Users\E14G2001\AppData\Roaming\npm\node_modules\yarn\lib\cli.js:141784:12)
      at Object.onceWrapper (node:events:627:28)
      at IncomingMessage.emit (node:events:525:35)
      at endReadableNT (node:internal/streams/readable:1358:12)
      at processTicksAndRejections (node:internal/process/task_queues:83:21)

npm manifest: 
  {
    "name": "@episto/backend",
    "version": "0.3.0",
    "private": true,
    "license": "UNLICENSED",
    "type": "module",
    "main": "./server.ts",
    "scripts": {
      "lint": "eslint . --ext .ts",
      "lintfix": "eslint . --ext .ts --fix",
      "build": "tsc",
      "mon": "npx nodemon src/server.ts",
      "tsdev": "tsnd --respawn server.ts",
      "node": "node --async-stack-traces server.ts",
      "nodenew": "nodemon -x node --no-warnings --experimental-specifier-resolution=node --loader ts-node/esm src/server.ts",
      "lr": "npx ts-node --esm --experimentalSpecifierResolution node ./src/server.ts --lightRecreate",
      "test": "jest -i ",
      "integtest": "jest -i StartCourse.test.ts",
      "testesm": "cross-env NODE_OPTIONS=--experimental-vm-modules jest",
      "confighooks": "git config core.hooksPath git_hooks",
      "cleaninstall": "yarn --force --no-lockfile"
    },
    "dependencies": {
      "@episto/common": "1.0.0",
      "@google-cloud/storage": "5.19.1",
      "@types/bcryptjs": "2.4.2",
      "@types/cors": "2.8.12",
      "@types/cron": "1.7.3",
      "@types/email-templates": "8.0.4",
      "@types/express-fileupload": "1.2.2",
      "@types/jsonwebtoken": "8.5.8",
      "@types/nodemailer": "6.4.4",
      "@types/pg": "8.6.5",
      "bcryptjs": "2.4.3",
      "body-parser": "1.20.0",
      "cron": "1.8.2",
      "dayjs": "1.11.0",
      "dotenv": "16.0.0",
      "express": "~4.17.3",
      "express-fileupload": "1.3.1",
      "get-video-duration": "^4.1.0",
      "moment": "2.29.3",
      "node-esm-loader": "^0.0.1",
      "password-generator": "2.3.2",
      "pg": "8.7.3",
      "reflect-metadata": "0.1.13",
      "typeorm": "0.3.5",
      "typeorm-naming-strategies": "4.1.0"
    },
    "devDependencies": {
      "@types/express": "4.17.13",
      "@types/jest": "^28.1.6",
      "@types/node": "17.0.23",
      "copy-webpack-plugin": "10.2.4",
      "cors": "2.8.5",
      "cross-env": "^7.0.3",
      "eslint": "^8.26.0",
      "eslint-plugin-unused-imports": "^2.0.0",
      "jest": "^28.1.3",
      "jsonwebtoken": "8.5.1",
      "nodemailer": "6.7.3",
      "nodemon": "2.0.15",
      "ts-jest": "^28.0.7",
      "ts-loader": "9.2.8",
      "ts-node": "10.9.1",
      "ts-node-dev": "1.1.8",
      "typescript": "^4.8.4",
      "webpack": "5.72.0"
    }
  }

yarn manifest: 
  No manifest

Lockfile: 
  No lockfile
