Arguments: 
  C:\Program Files\nodejs\node.exe C:\Users\EpistoLEN15_001\AppData\Roaming\npm\node_modules\yarn\bin\yarn.js

PATH: 
  C:\Program Files\AdoptOpenJDK\jre-8.0.292.10-hotspot\bin;C:\Program Files\AdoptOpenJDK\jre-11.0.11.9-hotspot\bin;C:\Program Files (x86)\AdoptOpenJDK\jre-8.0.292.10-hotspot\bin;C:\Windows\system32;C:\Windows;C:\Windows\System32\Wbem;C:\Windows\System32\WindowsPowerShell\v1.0\;C:\Windows\System32\OpenSSH\;C:\Program Files\Git\cmd;C:\Program Files\MongoDB\Tools\100\bin;C:\Program Files\PuTTY\;C:\Program Files\Microsoft SQL Server\Client SDK\ODBC\170\Tools\Binn\;C:\Program Files (x86)\Microsoft SQL Server\150\Tools\Binn\;C:\Program Files\Microsoft SQL Server\150\Tools\Binn\;C:\Program Files\Microsoft SQL Server\150\DTS\Binn\;C:\Program Files (x86)\Microsoft SQL Server\150\DTS\Binn\;C:\Program Files\Azure Data Studio\bin;C:\Program Files\nodejs;C:\Program Files\dotnet\;C:\Program Files\Graphviz\bin;C:\Program Files\PostgreSQL\14\lib;C:\Program Files\PostgreSQL\14\bin;C:\Program Files\nodejs\;C:\Users\EpistoLEN15_001\AppData\Local\Microsoft\WindowsApps;C:\Users\EpistoLEN15_001\AppData\Local\Programs\Microsoft VS Code\bin;C:\Users\EpistoLEN15_001\AppData\Local\GitHubDesktop\bin;C:\Program Files\Azure Data Studio\bin;C:\Program Files\nodejs;C:\Users\EpistoLEN15_001\.dotnet\tools;C:\Program Files\Graphviz\bin;C:\Program Files\JetBrains\WebStorm 2022.2.1\bin;;C:\Program Files\PostgreSQL\14\bin;C:\Program Files\PostgreSQL\14\lib;C:\Users\EpistoLEN15_001\AppData\Roaming\npm

Yarn version: 
  1.22.11

Node version: 
  16.18.0

Platform: 
  win32 x64

Trace: 
  Error: 15216:error:1408F119:SSL routines:ssl3_get_record:decryption failed or bad record mac:c:\ws\deps\openssl\openssl\ssl\record\ssl3_record.c:677:

npm manifest: 
  {
    "name": "@eutil/script-producer",
    "version": "1.0.0",
    "description": "",
    "main": "src/main.ts",
    "scripts": {
      "test": "echo \"Error: no test specified\" && exit 1",
      "build": "rollup --config rollup.config.js"
    },
    "keywords": [],
    "author": "",
    "license": "ISC",
    "dependencies": {
      "node": "^17.7.2"
    },
    "devDependencies": {
      "@rollup/plugin-typescript": "8.3.3",
      "@types/node": "18.11.9",
      "rollup": "3.4.0",
      "rollup-plugin-dts": "5.0.0"
    }
  }

yarn manifest: 
  No manifest

Lockfile: 
  No lockfile
